C:\Program Files\Microsoft Visual Studio\2022\Community\MSBuild\Microsoft\VC\v170\Microsoft.CppBuild.targets(538,5): warning MSB8028: The intermediate directory (EarthquakeSim\x64\Debug\) contains files shared from another project (Kostur.vcxproj).  This can lead to incorrect clean and rebuild behavior.
  Main.cpp
D:\EarthquakeSim\Source\Main.cpp(265,57): warning C4244: 'argument': conversion from 'double' to 'float', possible loss of data
D:\EarthquakeSim\Source\Main.cpp(266,59): warning C4244: 'argument': conversion from 'double' to 'float', possible loss of data
D:\EarthquakeSim\Source\Main.cpp(267,56): warning C4244: 'argument': conversion from 'double' to 'float', possible loss of data
D:\EarthquakeSim\Source\Main.cpp(380,34): warning C4267: '=': conversion from 'size_t' to 'GLsizei', possible loss of data
D:\EarthquakeSim\Source\Main.cpp(420,31): warning C4267: '=': conversion from 'size_t' to 'GLsizei', possible loss of data
D:\EarthquakeSim\Source\Main.cpp(457,33): warning C4244: 'initializing': conversion from 'int' to 'float', possible loss of data
D:\EarthquakeSim\Source\Main.cpp(566,21): warning C4244: 'initializing': conversion from 'double' to 'float', possible loss of data
D:\EarthquakeSim\Source\Main.cpp(567,24): warning C4244: 'initializing': conversion from 'double' to 'float', possible loss of data
D:\EarthquakeSim\Source\Main.cpp(568,23): warning C4244: 'initializing': conversion from 'double' to 'float', possible loss of data
D:\EarthquakeSim\Source\Main.cpp(572,21): warning C4244: 'initializing': conversion from 'double' to 'float', possible loss of data
D:\EarthquakeSim\Source\Main.cpp(573,24): warning C4244: 'initializing': conversion from 'double' to 'float', possible loss of data
D:\EarthquakeSim\Source\Main.cpp(574,23): warning C4244: 'initializing': conversion from 'double' to 'float', possible loss of data
D:\EarthquakeSim\Source\Main.cpp(578,24): warning C4244: 'initializing': conversion from 'double' to 'float', possible loss of data
D:\EarthquakeSim\Source\Main.cpp(584,64): warning C4244: '=': conversion from 'double' to 'float', possible loss of data
D:\EarthquakeSim\Source\Main.cpp(588,36): warning C4244: '=': conversion from 'double' to 'float', possible loss of data
D:\EarthquakeSim\Source\Main.cpp(610,23): warning C4244: '=': conversion from 'const int' to 'float', possible loss of data
D:\EarthquakeSim\Source\Main.cpp(611,24): warning C4244: '=': conversion from 'const int' to 'float', possible loss of data
D:\EarthquakeSim\Source\Main.cpp(616,9): warning C4244: 'argument': conversion from 'float' to 'int', possible loss of data
D:\EarthquakeSim\Source\Main.cpp(615,9): warning C4244: 'argument': conversion from 'float' to 'int', possible loss of data
LINK : warning LNK4098: defaultlib 'MSVCRT' conflicts with use of other libs; use /NODEFAULTLIB:library
  EarthquakeSim.vcxproj -> D:\EarthquakeSim\x64\Debug\EarthquakeSim.exe
