C:\Program Files\Microsoft Visual Studio\2022\Community\MSBuild\Microsoft\VC\v170\Microsoft.CppBuild.targets(538,5): warning MSB8028: The intermediate directory (EarthquakeSim\x64\Debug\) contains files shared from another project (Kostur.vcxproj).  This can lead to incorrect clean and rebuild behavior.
  Shape.cpp
\Shape.cpp(1,1): error C1083: Cannot open source file: 'Shape.cpp': No such file or directory
  (compiling source file '/Shape.cpp')
  
  Main.cpp
D:\EarthquakeSim\Source\Main.cpp(32,29): warning C4244: '=': conversion from 'int' to 'float', possible loss of data
D:\EarthquakeSim\Source\Main.cpp(52,9): error C3861: 'uploadShape': identifier not found
D:\EarthquakeSim\Source\Main.cpp(91,31): warning C4267: '=': conversion from 'size_t' to 'int', possible loss of data
  Util.cpp
D:\EarthquakeSim\Source\Util.cpp(1,10): warning C4067: unexpected tokens following preprocessor directive - expected a newline
D:\EarthquakeSim\Source\Shape.cpp(4,10): warning C4067: unexpected tokens following preprocessor directive - expected a newline
  (compiling source file 'Source/Util.cpp')
  
D:\EarthquakeSim\Source\Shape.cpp(6,13): error C2011: 'Vec2': 'struct' type redefinition
  (compiling source file 'Source/Util.cpp')
      D:\EarthquakeSim\Header\Shape.h(6,8):
      see declaration of 'Vec2'
  
D:\EarthquakeSim\Source\Shape.cpp(10,14): error C2011: 'Shape': 'struct' type redefinition
  (compiling source file 'Source/Util.cpp')
      D:\EarthquakeSim\Header\Shape.h(10,8):
      see declaration of 'Shape'
  
D:\EarthquakeSim\Source\Shape.cpp(20,45): error C2572: 'makeCircle': redefinition of default argument: parameter 1
  (compiling source file 'Source/Util.cpp')
      D:\EarthquakeSim\Header\Shape.h(19,19):
      see declaration of 'makeCircle'
  
D:\EarthquakeSim\Source\Shape.cpp(26,10): error C2665: 'std::vector<Vec2,std::allocator<Vec2>>::push_back': no overloaded function could convert all the argument types
  (compiling source file 'Source/Util.cpp')
      C:\Program Files\Microsoft Visual Studio\2022\Community\VC\Tools\MSVC\14.38.33130\include\vector(874,23):
      could be 'void std::vector<Vec2,std::allocator<Vec2>>::push_back(_Ty &&)'
          with
          [
              _Ty=Vec2
          ]
          D:\EarthquakeSim\Source\Shape.cpp(26,10):
          'void std::vector<Vec2,std::allocator<Vec2>>::push_back(_Ty &&)': cannot convert argument 1 from 'initializer list' to '_Ty &&'
          with
          [
              _Ty=Vec2
          ]
              D:\EarthquakeSim\Source\Shape.cpp(26,21):
              Reason: cannot convert from 'initializer list' to '_Ty'
          with
          [
              _Ty=Vec2
          ]
              D:\EarthquakeSim\Source\Shape.cpp(26,21):
              use of undefined type 'Vec2'
              D:\EarthquakeSim\Header\Shape.h(6,8):
              see declaration of 'Vec2'
      C:\Program Files\Microsoft Visual Studio\2022\Community\VC\Tools\MSVC\14.38.33130\include\vector(870,23):
      or       'void std::vector<Vec2,std::allocator<Vec2>>::push_back(const _Ty &)'
          with
          [
              _Ty=Vec2
          ]
          D:\EarthquakeSim\Source\Shape.cpp(26,10):
          'void std::vector<Vec2,std::allocator<Vec2>>::push_back(const _Ty &)': cannot convert argument 1 from 'initializer list' to 'const _Ty &'
          with
          [
              _Ty=Vec2
          ]
              D:\EarthquakeSim\Source\Shape.cpp(26,21):
              Reason: cannot convert from 'initializer list' to 'const _Ty'
          with
          [
              _Ty=Vec2
          ]
              D:\EarthquakeSim\Source\Shape.cpp(26,21):
              use of undefined type 'Vec2'
              D:\EarthquakeSim\Header\Shape.h(6,8):
              see declaration of 'Vec2'
      D:\EarthquakeSim\Source\Shape.cpp(26,10):
      while trying to match the argument list '(initializer list)'
  
D:\EarthquakeSim\Source\Shape.cpp(33,12): error C2440: 'return': cannot convert from 'initializer list' to 'std::vector<Vec2,std::allocator<Vec2>>'
  (compiling source file 'Source/Util.cpp')
      D:\EarthquakeSim\Source\Shape.cpp(33,5):
      'std::vector<Vec2,std::allocator<Vec2>>::vector(std::initializer_list<_Ty>,const _Alloc &)': cannot convert argument 1 from 'initializer list' to 'std::initializer_list<_Ty>'
          with
          [
              _Ty=Vec2,
              _Alloc=std::allocator<Vec2>
          ]
          and
          [
              _Ty=Vec2
          ]
          D:\EarthquakeSim\Source\Shape.cpp(33,12):
          Element '1': no conversion from 'initializer list' to '_Ty'
          with
          [
              _Ty=Vec2
          ]
          D:\EarthquakeSim\Source\Shape.cpp(33,12):
          Element '2': no conversion from 'initializer list' to '_Ty'
          with
          [
              _Ty=Vec2
          ]
          D:\EarthquakeSim\Source\Shape.cpp(33,12):
          Element '3': no conversion from 'initializer list' to '_Ty'
          with
          [
              _Ty=Vec2
          ]
          D:\EarthquakeSim\Source\Shape.cpp(33,12):
          Element '4': no conversion from 'initializer list' to '_Ty'
          with
          [
              _Ty=Vec2
          ]
          D:\EarthquakeSim\Source\Shape.cpp(33,5):
          while trying to match the argument list '(initializer list)'
  
D:\EarthquakeSim\Source\Shape.cpp(38,12): error C2440: 'return': cannot convert from 'initializer list' to 'std::vector<Vec2,std::allocator<Vec2>>'
  (compiling source file 'Source/Util.cpp')
      D:\EarthquakeSim\Source\Shape.cpp(38,5):
      'std::vector<Vec2,std::allocator<Vec2>>::vector(std::initializer_list<_Ty>,const _Alloc &)': cannot convert argument 1 from 'initializer list' to 'std::initializer_list<_Ty>'
          with
          [
              _Ty=Vec2,
              _Alloc=std::allocator<Vec2>
          ]
          and
          [
              _Ty=Vec2
          ]
          D:\EarthquakeSim\Source\Shape.cpp(38,12):
          Element '1': no conversion from 'initializer list' to '_Ty'
          with
          [
              _Ty=Vec2
          ]
          D:\EarthquakeSim\Source\Shape.cpp(38,12):
          Element '2': no conversion from 'initializer list' to '_Ty'
          with
          [
              _Ty=Vec2
          ]
          D:\EarthquakeSim\Source\Shape.cpp(38,12):
          Element '3': no conversion from 'initializer list' to '_Ty'
          with
          [
              _Ty=Vec2
          ]
          D:\EarthquakeSim\Source\Shape.cpp(38,5):
          while trying to match the argument list '(initializer list)'
  
D:\EarthquakeSim\Source\Shape.cpp(48,12): error C2440: 'return': cannot convert from 'initializer list' to 'std::vector<Vec2,std::allocator<Vec2>>'
  (compiling source file 'Source/Util.cpp')
      D:\EarthquakeSim\Source\Shape.cpp(48,5):
      'std::vector<Vec2,std::allocator<Vec2>>::vector(std::initializer_list<_Ty>,const _Alloc &)': cannot convert argument 1 from 'initializer list' to 'std::initializer_list<_Ty>'
          with
          [
              _Ty=Vec2,
              _Alloc=std::allocator<Vec2>
          ]
          and
          [
              _Ty=Vec2
          ]
          D:\EarthquakeSim\Source\Shape.cpp(48,12):
          Element '1': no conversion from 'initializer list' to '_Ty'
          with
          [
              _Ty=Vec2
          ]
          D:\EarthquakeSim\Source\Shape.cpp(48,12):
          Element '2': no conversion from 'initializer list' to '_Ty'
          with
          [
              _Ty=Vec2
          ]
          D:\EarthquakeSim\Source\Shape.cpp(48,12):
          Element '3': no conversion from 'initializer list' to '_Ty'
          with
          [
              _Ty=Vec2
          ]
          D:\EarthquakeSim\Source\Shape.cpp(48,12):
          Element '4': no conversion from 'initializer list' to '_Ty'
          with
          [
              _Ty=Vec2
          ]
          D:\EarthquakeSim\Source\Shape.cpp(48,5):
          while trying to match the argument list '(initializer list)'
  
D:\EarthquakeSim\Source\Shape.cpp(52,46): error C2572: 'makeEllipse': redefinition of default argument: parameter 1
  (compiling source file 'Source/Util.cpp')
      D:\EarthquakeSim\Header\Shape.h(27,19):
      see declaration of 'makeEllipse'
  
D:\EarthquakeSim\Source\Shape.cpp(58,10): error C2665: 'std::vector<Vec2,std::allocator<Vec2>>::push_back': no overloaded function could convert all the argument types
  (compiling source file 'Source/Util.cpp')
      C:\Program Files\Microsoft Visual Studio\2022\Community\VC\Tools\MSVC\14.38.33130\include\vector(874,23):
      could be 'void std::vector<Vec2,std::allocator<Vec2>>::push_back(_Ty &&)'
          with
          [
              _Ty=Vec2
          ]
          D:\EarthquakeSim\Source\Shape.cpp(58,10):
          'void std::vector<Vec2,std::allocator<Vec2>>::push_back(_Ty &&)': cannot convert argument 1 from 'initializer list' to '_Ty &&'
          with
          [
              _Ty=Vec2
          ]
              D:\EarthquakeSim\Source\Shape.cpp(58,21):
              Reason: cannot convert from 'initializer list' to '_Ty'
          with
          [
              _Ty=Vec2
          ]
              D:\EarthquakeSim\Source\Shape.cpp(58,21):
              use of undefined type 'Vec2'
              D:\EarthquakeSim\Header\Shape.h(6,8):
              see declaration of 'Vec2'
      C:\Program Files\Microsoft Visual Studio\2022\Community\VC\Tools\MSVC\14.38.33130\include\vector(870,23):
      or       'void std::vector<Vec2,std::allocator<Vec2>>::push_back(const _Ty &)'
          with
          [
              _Ty=Vec2
          ]
          D:\EarthquakeSim\Source\Shape.cpp(58,10):
          'void std::vector<Vec2,std::allocator<Vec2>>::push_back(const _Ty &)': cannot convert argument 1 from 'initializer list' to 'const _Ty &'
          with
          [
              _Ty=Vec2
          ]
              D:\EarthquakeSim\Source\Shape.cpp(58,21):
              Reason: cannot convert from 'initializer list' to 'const _Ty'
          with
          [
              _Ty=Vec2
          ]
              D:\EarthquakeSim\Source\Shape.cpp(58,21):
              use of undefined type 'Vec2'
              D:\EarthquakeSim\Header\Shape.h(6,8):
              see declaration of 'Vec2'
      D:\EarthquakeSim\Source\Shape.cpp(58,10):
      while trying to match the argument list '(initializer list)'
  
D:\EarthquakeSim\Source\Shape.cpp(69,10): error C2665: 'std::vector<Vec2,std::allocator<Vec2>>::push_back': no overloaded function could convert all the argument types
  (compiling source file 'Source/Util.cpp')
      C:\Program Files\Microsoft Visual Studio\2022\Community\VC\Tools\MSVC\14.38.33130\include\vector(874,23):
      could be 'void std::vector<Vec2,std::allocator<Vec2>>::push_back(_Ty &&)'
          with
          [
              _Ty=Vec2
          ]
          D:\EarthquakeSim\Source\Shape.cpp(69,10):
          'void std::vector<Vec2,std::allocator<Vec2>>::push_back(_Ty &&)': cannot convert argument 1 from 'initializer list' to '_Ty &&'
          with
          [
              _Ty=Vec2
          ]
              D:\EarthquakeSim\Source\Shape.cpp(69,21):
              Reason: cannot convert from 'initializer list' to '_Ty'
          with
          [
              _Ty=Vec2
          ]
              D:\EarthquakeSim\Source\Shape.cpp(69,21):
              use of undefined type 'Vec2'
              D:\EarthquakeSim\Header\Shape.h(6,8):
              see declaration of 'Vec2'
      C:\Program Files\Microsoft Visual Studio\2022\Community\VC\Tools\MSVC\14.38.33130\include\vector(870,23):
      or       'void std::vector<Vec2,std::allocator<Vec2>>::push_back(const _Ty &)'
          with
          [
              _Ty=Vec2
          ]
          D:\EarthquakeSim\Source\Shape.cpp(69,10):
          'void std::vector<Vec2,std::allocator<Vec2>>::push_back(const _Ty &)': cannot convert argument 1 from 'initializer list' to 'const _Ty &'
          with
          [
              _Ty=Vec2
          ]
              D:\EarthquakeSim\Source\Shape.cpp(69,21):
              Reason: cannot convert from 'initializer list' to 'const _Ty'
          with
          [
              _Ty=Vec2
          ]
              D:\EarthquakeSim\Source\Shape.cpp(69,21):
              use of undefined type 'Vec2'
              D:\EarthquakeSim\Header\Shape.h(6,8):
              see declaration of 'Vec2'
      D:\EarthquakeSim\Source\Shape.cpp(69,10):
      while trying to match the argument list '(initializer list)'
  
  Generating Code...
